0 info it worked if it ends with ok
1 verbose cli [ '/usr/bin/node', '/usr/bin/npm', 'link' ]
2 info using npm@1.1.66
3 info using node@v0.8.15
4 verbose linkPkg /home/si/code/ibrokethat/controllers
5 verbose read json /home/si/code/ibrokethat/controllers/package.json
6 error Failed to parse json
6 error Unexpected end of input
7 error File: /home/si/code/ibrokethat/controllers/package.json
8 error Failed to parse package.json data.
8 error package.json must be actual JSON, not just JavaScript.
8 error
8 error This is not a bug in npm.
8 error Tell the package author to fix their package.json file. JSON.parse
9 error System Linux 3.6.8-1-ARCH
10 error command "/usr/bin/node" "/usr/bin/npm" "link"
11 error cwd /home/si/code/ibrokethat/controllers
12 error node -v v0.8.15
13 error npm -v 1.1.66
14 error file /home/si/code/ibrokethat/controllers/package.json
15 error code EJSONPARSE
16 verbose exit [ 1, true ]
